<?xml version="1.0" encoding="UTF-8"?>
<!-- Generated by org.testng.reporters.JUnitReportReporter -->
<testsuite skipped="0" hostname="DESKTOP-7B3V6QJ" name="com.discovery.go.Tests.Task1" tests="1" failures="0" timestamp="2019-11-03T17:23:25 IST" time="203.482" errors="0">
  <testcase name="testTaskOne" time="203.482" classname="com.discovery.go.Tests.Task1"/>
</testsuite> <!-- com.discovery.go.Tests.Task1 -->
